      0, res = +1.000000e+00
      1, res = +2.459598e-01
      2, res = +8.045963e-02
      3, res = +2.569666e-02
      4, res = +8.359291e-03
      5, res = +2.705895e-03
      6, res = +8.814053e-04
      7, res = +2.947808e-04
      8, res = +9.845228e-05
      9, res = +3.371849e-05
     10, res = +1.161204e-05
     11, res = +4.075383e-06
     12, res = +1.436885e-06
     13, res = +5.141039e-07
     14, res = +1.855981e-07
     15, res = +6.782285e-08
     16, res = +2.497782e-08
     17, res = +9.334999e-09
     18, res = +3.517220e-09
     19, res = +1.343551e-09
     20, res = +5.155582e-10
     21, res = +2.005413e-10
     22, res = +7.873769e-11
     23, res = +3.108979e-11
     24, res = +1.247457e-11
     25, res = +5.032314e-12
     26, res = +2.037097e-12
     27, res = +8.407162e-13
 Converged after     27 iterations, res = +9.315261e-13
 Time in lapl(): +6.219e-02 sec/call, 9.17e+00 Gflop/s, 8.63e+00 GB/s
