      0, res = +1.000000e+00
      1, res = +2.459237e-01
      2, res = +8.041415e-02
      3, res = +2.568663e-02
      4, res = +8.357144e-03
      5, res = +2.705649e-03
      6, res = +8.815678e-04
      7, res = +2.948028e-04
      8, res = +9.845908e-05
      9, res = +3.371822e-05
     10, res = +1.161343e-05
     11, res = +4.075562e-06
     12, res = +1.436551e-06
     13, res = +5.139859e-07
     14, res = +1.855608e-07
     15, res = +6.780895e-08
     16, res = +2.496656e-08
     17, res = +9.328959e-09
     18, res = +3.515488e-09
     19, res = +1.343368e-09
     20, res = +5.155610e-10
     21, res = +2.005141e-10
     22, res = +7.869583e-11
     23, res = +3.103977e-11
     24, res = +1.246245e-11
     25, res = +5.034982e-12
     26, res = +2.035514e-12
     27, res = +8.401649e-13
 Converged after     27 iterations, res = +9.253196e-13
 Time in lapl(): +1.493e-01 sec/call, 3.82e+00 Gflop/s, 3.60e+00 GB/s
